
(unity-panel-service:2569): Indicator-Appmenu-WARNING **: Already have a menu for window ID 62914576 with path /com/canonical/menu/3C00010 from :1.78, unregistering that one

(unity-panel-service:2569): Indicator-Appmenu-CRITICAL **: window_menu_model_new: assertion 'BAMF_IS_APPLICATION(app)' failed

(unity-panel-service:2569): Indicator-Appmenu-CRITICAL **: track_menus: assertion 'IS_WINDOW_MENU(menus)' failed

(unity-panel-service:2569): Indicator-Appmenu-CRITICAL **: window_menu_model_new: assertion 'BAMF_IS_APPLICATION(app)' failed

(unity-panel-service:2569): Indicator-Appmenu-CRITICAL **: track_menus: assertion 'IS_WINDOW_MENU(menus)' failed

(unity-panel-service:2569): Indicator-Appmenu-CRITICAL **: window_menu_model_new: assertion 'BAMF_IS_APPLICATION(app)' failed

(unity-panel-service:2569): Indicator-Appmenu-CRITICAL **: track_menus: assertion 'IS_WINDOW_MENU(menus)' failed

(unity-panel-service:2569): Indicator-Appmenu-CRITICAL **: window_menu_model_new: assertion 'BAMF_IS_APPLICATION(app)' failed

(unity-panel-service:2569): Indicator-Appmenu-CRITICAL **: track_menus: assertion 'IS_WINDOW_MENU(menus)' failed

(unity-panel-service:2569): Indicator-Appmenu-CRITICAL **: window_menu_model_new: assertion 'BAMF_IS_APPLICATION(app)' failed

(unity-panel-service:2569): Indicator-Appmenu-CRITICAL **: track_menus: assertion 'IS_WINDOW_MENU(menus)' failed

(unity-panel-service:2569): Indicator-Appmenu-CRITICAL **: window_menu_model_new: assertion 'BAMF_IS_APPLICATION(app)' failed

(unity-panel-service:2569): Indicator-Appmenu-CRITICAL **: track_menus: assertion 'IS_WINDOW_MENU(menus)' failed

(unity-panel-service:2569): Indicator-Appmenu-CRITICAL **: window_menu_model_new: assertion 'BAMF_IS_APPLICATION(app)' failed

(unity-panel-service:2569): Indicator-Appmenu-CRITICAL **: track_menus: assertion 'IS_WINDOW_MENU(menus)' failed

(unity-panel-service:2569): Indicator-Appmenu-CRITICAL **: window_menu_model_new: assertion 'BAMF_IS_APPLICATION(app)' failed

(unity-panel-service:2569): Indicator-Appmenu-CRITICAL **: track_menus: assertion 'IS_WINDOW_MENU(menus)' failed

(unity-panel-service:2569): Indicator-Appmenu-CRITICAL **: window_menu_model_new: assertion 'BAMF_IS_APPLICATION(app)' failed

(unity-panel-service:2569): Indicator-Appmenu-CRITICAL **: track_menus: assertion 'IS_WINDOW_MENU(menus)' failed

(unity-panel-service:2569): Indicator-Appmenu-CRITICAL **: window_menu_model_new: assertion 'BAMF_IS_APPLICATION(app)' failed

(unity-panel-service:2569): Indicator-Appmenu-CRITICAL **: track_menus: assertion 'IS_WINDOW_MENU(menus)' failed

(unity-panel-service:2569): Indicator-Appmenu-CRITICAL **: window_menu_model_new: assertion 'BAMF_IS_APPLICATION(app)' failed

(unity-panel-service:2569): Indicator-Appmenu-CRITICAL **: track_menus: assertion 'IS_WINDOW_MENU(menus)' failed

(unity-panel-service:2569): Indicator-Appmenu-CRITICAL **: window_menu_model_new: assertion 'BAMF_IS_APPLICATION(app)' failed

(unity-panel-service:2569): Indicator-Appmenu-CRITICAL **: track_menus: assertion 'IS_WINDOW_MENU(menus)' failed

(unity-panel-service:2569): Indicator-Appmenu-CRITICAL **: window_menu_model_new: assertion 'BAMF_IS_APPLICATION(app)' failed

(unity-panel-service:2569): Indicator-Appmenu-CRITICAL **: track_menus: assertion 'IS_WINDOW_MENU(menus)' failed

(unity-panel-service:2569): Indicator-Appmenu-CRITICAL **: window_menu_model_new: assertion 'BAMF_IS_APPLICATION(app)' failed

(unity-panel-service:2569): Indicator-Appmenu-CRITICAL **: track_menus: assertion 'IS_WINDOW_MENU(menus)' failed

(unity-panel-service:2569): Indicator-Appmenu-CRITICAL **: window_menu_model_new: assertion 'BAMF_IS_APPLICATION(app)' failed

(unity-panel-service:2569): Indicator-Appmenu-CRITICAL **: track_menus: assertion 'IS_WINDOW_MENU(menus)' failed

(unity-panel-service:2569): Indicator-Appmenu-CRITICAL **: menus_destroyed: assertion 'IS_WINDOW_MENU(wm)' failed

(unity-panel-service:2569): Indicator-Appmenu-CRITICAL **: menus_destroyed: assertion 'IS_WINDOW_MENU(wm)' failed

(unity-panel-service:2569): Indicator-Appmenu-CRITICAL **: window_menu_model_new: assertion 'BAMF_IS_APPLICATION(app)' failed

(unity-panel-service:2569): Indicator-Appmenu-CRITICAL **: track_menus: assertion 'IS_WINDOW_MENU(menus)' failed

(unity-panel-service:2569): Indicator-Appmenu-CRITICAL **: window_menu_model_new: assertion 'BAMF_IS_APPLICATION(app)' failed

(unity-panel-service:2569): Indicator-Appmenu-CRITICAL **: track_menus: assertion 'IS_WINDOW_MENU(menus)' failed

(unity-panel-service:2569): Indicator-Appmenu-CRITICAL **: window_menu_model_new: assertion 'BAMF_IS_APPLICATION(app)' failed

(unity-panel-service:2569): Indicator-Appmenu-CRITICAL **: track_menus: assertion 'IS_WINDOW_MENU(menus)' failed

(unity-panel-service:2569): Indicator-Appmenu-CRITICAL **: window_menu_model_new: assertion 'BAMF_IS_APPLICATION(app)' failed

(unity-panel-service:2569): Indicator-Appmenu-CRITICAL **: track_menus: assertion 'IS_WINDOW_MENU(menus)' failed

(unity-panel-service:2569): Indicator-Appmenu-CRITICAL **: window_menu_model_new: assertion 'BAMF_IS_APPLICATION(app)' failed

(unity-panel-service:2569): Indicator-Appmenu-CRITICAL **: track_menus: assertion 'IS_WINDOW_MENU(menus)' failed

(unity-panel-service:2569): Indicator-Appmenu-CRITICAL **: window_menu_model_new: assertion 'BAMF_IS_APPLICATION(app)' failed

(unity-panel-service:2569): Indicator-Appmenu-CRITICAL **: track_menus: assertion 'IS_WINDOW_MENU(menus)' failed

(unity-panel-service:2569): Indicator-Appmenu-CRITICAL **: window_menu_model_new: assertion 'BAMF_IS_APPLICATION(app)' failed

(unity-panel-service:2569): Indicator-Appmenu-CRITICAL **: track_menus: assertion 'IS_WINDOW_MENU(menus)' failed

(unity-panel-service:2569): Indicator-Appmenu-CRITICAL **: window_menu_model_new: assertion 'BAMF_IS_APPLICATION(app)' failed

(unity-panel-service:2569): Indicator-Appmenu-CRITICAL **: track_menus: assertion 'IS_WINDOW_MENU(menus)' failed

(unity-panel-service:2569): Indicator-Appmenu-CRITICAL **: window_menu_model_new: assertion 'BAMF_IS_APPLICATION(app)' failed

(unity-panel-service:2569): Indicator-Appmenu-CRITICAL **: track_menus: assertion 'IS_WINDOW_MENU(menus)' failed

(unity-panel-service:2569): Indicator-Appmenu-CRITICAL **: window_menu_model_new: assertion 'BAMF_IS_APPLICATION(app)' failed

(unity-panel-service:2569): Indicator-Appmenu-CRITICAL **: track_menus: assertion 'IS_WINDOW_MENU(menus)' failed

(unity-panel-service:2569): Indicator-Appmenu-CRITICAL **: window_menu_model_new: assertion 'BAMF_IS_APPLICATION(app)' failed

(unity-panel-service:2569): Indicator-Appmenu-CRITICAL **: track_menus: assertion 'IS_WINDOW_MENU(menus)' failed

(unity-panel-service:2569): Indicator-Appmenu-CRITICAL **: window_menu_model_new: assertion 'BAMF_IS_APPLICATION(app)' failed

(unity-panel-service:2569): Indicator-Appmenu-CRITICAL **: track_menus: assertion 'IS_WINDOW_MENU(menus)' failed

(unity-panel-service:2569): Indicator-Appmenu-CRITICAL **: window_menu_model_new: assertion 'BAMF_IS_APPLICATION(app)' failed

(unity-panel-service:2569): Indicator-Appmenu-CRITICAL **: track_menus: assertion 'IS_WINDOW_MENU(menus)' failed

(unity-panel-service:2569): Indicator-Appmenu-CRITICAL **: menus_destroyed: assertion 'IS_WINDOW_MENU(wm)' failed

(unity-panel-service:2569): Indicator-Appmenu-CRITICAL **: window_menu_model_new: assertion 'BAMF_IS_APPLICATION(app)' failed

(unity-panel-service:2569): Indicator-Appmenu-CRITICAL **: track_menus: assertion 'IS_WINDOW_MENU(menus)' failed

(unity-panel-service:2569): Indicator-Appmenu-WARNING **: Already have a menu for window ID 69206032 with path /com/canonical/menu/4200010 from :1.123, unregistering that one

(unity-panel-service:2569): Indicator-Appmenu-CRITICAL **: window_menu_model_new: assertion 'BAMF_IS_APPLICATION(app)' failed

(unity-panel-service:2569): Indicator-Appmenu-CRITICAL **: track_menus: assertion 'IS_WINDOW_MENU(menus)' failed

(unity-panel-service:2569): Indicator-Appmenu-CRITICAL **: window_menu_model_new: assertion 'BAMF_IS_APPLICATION(app)' failed

(unity-panel-service:2569): Indicator-Appmenu-CRITICAL **: track_menus: assertion 'IS_WINDOW_MENU(menus)' failed
